<?xml version="1.0" encoding="UTF-8"?>
<testng-results ignored="0" total="1" passed="1" failed="0" skipped="0">
  <reporter-output>
  </reporter-output>
  <suite started-at="2024-02-28T19:31:33 CLST" name="Default suite" finished-at="2024-02-28T19:31:52 CLST" duration-ms="18899">
    <groups>
    </groups>
    <test started-at="2024-02-28T19:31:33 CLST" name="Default test" finished-at="2024-02-28T19:31:52 CLST" duration-ms="18899">
      <class name="pages.Registro">
        <test-method is-config="true" signature="SetUp()[pri:0, instance:pages.Registro@2a4fb17b]" started-at="2024-02-28T19:31:19 CLST" name="SetUp" finished-at="2024-02-28T19:31:33 CLST" duration-ms="14130" status="PASS">
          <reporter-output>
          </reporter-output>
        </test-method> <!-- SetUp -->
        <test-method is-config="true" signature="SetBaseUrl()[pri:0, instance:pages.Registro@2a4fb17b]" started-at="2024-02-28T19:31:33 CLST" name="SetBaseUrl" finished-at="2024-02-28T19:31:36 CLST" duration-ms="2919" status="PASS">
          <reporter-output>
          </reporter-output>
        </test-method> <!-- SetBaseUrl -->
        <test-method is-config="true" signature="maximizarVentana()[pri:0, instance:pages.Registro@2a4fb17b]" started-at="2024-02-28T19:31:36 CLST" name="maximizarVentana" finished-at="2024-02-28T19:31:36 CLST" duration-ms="159" status="PASS">
          <reporter-output>
          </reporter-output>
        </test-method> <!-- maximizarVentana -->
        <test-method signature="RegistroUsuario()[pri:0, instance:pages.Registro@2a4fb17b]" started-at="2024-02-28T19:31:36 CLST" name="RegistroUsuario" finished-at="2024-02-28T19:31:51 CLST" duration-ms="15275" status="PASS">
          <reporter-output>
          </reporter-output>
        </test-method> <!-- RegistroUsuario -->
        <test-method is-config="true" signature="cerrarPagina()[pri:0, instance:pages.Registro@2a4fb17b]" started-at="2024-02-28T19:31:51 CLST" name="cerrarPagina" finished-at="2024-02-28T19:31:52 CLST" duration-ms="402" status="PASS">
          <reporter-output>
          </reporter-output>
        </test-method> <!-- cerrarPagina -->
        <test-method is-config="true" signature="finSuite()[pri:0, instance:pages.Registro@2a4fb17b]" started-at="2024-02-28T19:31:52 CLST" name="finSuite" finished-at="2024-02-28T19:31:52 CLST" duration-ms="1" status="PASS">
          <reporter-output>
          </reporter-output>
        </test-method> <!-- finSuite -->
      </class> <!-- pages.Registro -->
    </test> <!-- Default test -->
  </suite> <!-- Default suite -->
</testng-results>
