<?xml version="1.0" encoding="UTF-8"?>
<testng-results ignored="0" total="1" passed="1" failed="0" skipped="0">
  <reporter-output>
  </reporter-output>
  <suite started-at="2024-02-29T00:04:15 CLST" name="Default suite" finished-at="2024-02-29T00:04:41 CLST" duration-ms="25575">
    <groups>
    </groups>
    <test started-at="2024-02-29T00:04:15 CLST" name="Default test" finished-at="2024-02-29T00:04:41 CLST" duration-ms="25575">
      <class name="pages.VerCarrito">
        <test-method is-config="true" signature="SetUp()[pri:0, instance:pages.VerCarrito@5c6648b0]" started-at="2024-02-29T00:04:12 CLST" name="SetUp" finished-at="2024-02-29T00:04:15 CLST" duration-ms="3471" status="PASS">
          <reporter-output>
          </reporter-output>
        </test-method> <!-- SetUp -->
        <test-method is-config="true" signature="SetBaseUrl()[pri:0, instance:pages.VerCarrito@5c6648b0]" started-at="2024-02-29T00:04:15 CLST" name="SetBaseUrl" finished-at="2024-02-29T00:04:18 CLST" duration-ms="2468" status="PASS">
          <reporter-output>
          </reporter-output>
        </test-method> <!-- SetBaseUrl -->
        <test-method is-config="true" signature="maximizarVentana()[pri:0, instance:pages.VerCarrito@5c6648b0]" started-at="2024-02-29T00:04:18 CLST" name="maximizarVentana" finished-at="2024-02-29T00:04:18 CLST" duration-ms="123" status="PASS">
          <reporter-output>
          </reporter-output>
        </test-method> <!-- maximizarVentana -->
        <test-method signature="VerItem()[pri:0, instance:pages.VerCarrito@5c6648b0]" started-at="2024-02-29T00:04:18 CLST" name="VerItem" finished-at="2024-02-29T00:04:41 CLST" duration-ms="22528" status="PASS">
          <reporter-output>
          </reporter-output>
        </test-method> <!-- VerItem -->
        <test-method is-config="true" signature="cerrarPagina()[pri:0, instance:pages.VerCarrito@5c6648b0]" started-at="2024-02-29T00:04:41 CLST" name="cerrarPagina" finished-at="2024-02-29T00:04:41 CLST" duration-ms="357" status="PASS">
          <reporter-output>
          </reporter-output>
        </test-method> <!-- cerrarPagina -->
        <test-method is-config="true" signature="finSuite()[pri:0, instance:pages.VerCarrito@5c6648b0]" started-at="2024-02-29T00:04:41 CLST" name="finSuite" finished-at="2024-02-29T00:04:41 CLST" duration-ms="1" status="PASS">
          <reporter-output>
          </reporter-output>
        </test-method> <!-- finSuite -->
      </class> <!-- pages.VerCarrito -->
    </test> <!-- Default test -->
  </suite> <!-- Default suite -->
</testng-results>
